# JRE version: 7.0_10-b18
# Java VM: Java HotSpot(TM) 64-Bit Server VM (23.6-b04 mixed mode windows-amd64 compressed oops)
Heap
 PSYoungGen      total 283968K, used 90380K [0x00000000eaab0000, 0x00000000fd550000, 0x0000000100000000)
  eden space 262144K, 26% used [0x00000000eaab0000,0x00000000eeda5e90,0x00000000faab0000)
  from space 21824K, 99% used [0x00000000fc000000,0x00000000fd54d440,0x00000000fd550000)
  to   space 21824K, 0% used [0x00000000faab0000,0x00000000faab0000,0x00000000fc000000)
 ParOldGen       total 349568K, used 30615K [0x00000000c0000000, 0x00000000d5560000, 0x00000000eaab0000)
  object space 349568K, 8% used [0x00000000c0000000,0x00000000c1de5cb0,0x00000000d5560000)
 PSPermGen       total 33536K, used 33399K [0x00000000bae00000, 0x00000000bcec0000, 0x00000000c0000000)
  object space 33536K, 99% used [0x00000000bae00000,0x00000000bce9dd78,0x00000000bcec0000)
GC Heap History (8 events):
Event: 19.112 GC heap before
{Heap before GC invocations=1 (full 0):
 PSYoungGen      total 152896K, used 131072K [0x00000000eaab0000, 0x00000000f5550000, 0x0000000100000000)
  eden space 131072K, 100% used [0x00000000eaab0000,0x00000000f2ab0000,0x00000000f2ab0000)
  from space 21824K, 0% used [0x00000000f4000000,0x00000000f4000000,0x00000000f5550000)
  to   space 21824K, 0% used [0x00000000f2ab0000,0x00000000f2ab0000,0x00000000f4000000)
 ParOldGen       total 349568K, used 0K [0x00000000c0000000, 0x00000000d5560000, 0x00000000eaab0000)
  object space 349568K, 0% used [0x00000000c0000000,0x00000000c0000000,0x00000000d5560000)
 PSPermGen       total 21248K, used 21051K [0x00000000bae00000, 0x00000000bc2c0000, 0x00000000c0000000)
  object space 21248K, 99% used [0x00000000bae00000,0x00000000bc28eec8,0x00000000bc2c0000)
Event: 19.241 GC heap after
Heap after GC invocations=1 (full 0):
 PSYoungGen      total 152896K, used 21800K [0x00000000eaab0000, 0x00000000f5550000, 0x0000000100000000)
  eden space 131072K, 0% used [0x00000000eaab0000,0x00000000eaab0000,0x00000000f2ab0000)
  from space 21824K, 99% used [0x00000000f2ab0000,0x00000000f3ffa068,0x00000000f4000000)
  to   space 21824K, 0% used [0x00000000f4000000,0x00000000f4000000,0x00000000f5550000)
 ParOldGen       total 349568K, used 2366K [0x00000000c0000000, 0x00000000d5560000, 0x00000000eaab0000)
  object space 349568K, 0% used [0x00000000c0000000,0x00000000c024f8a8,0x00000000d5560000)
 PSPermGen       total 21248K, used 21051K [0x00000000bae00000, 0x00000000bc2c0000, 0x00000000c0000000)
  object space 21248K, 99% used [0x00000000bae00000,0x00000000bc28eec8,0x00000000bc2c0000)
}
Event: 27.650 GC heap before
{Heap before GC invocations=2 (full 0):
 PSYoungGen      total 152896K, used 152872K [0x00000000eaab0000, 0x00000000f5550000, 0x0000000100000000)
  eden space 131072K, 100% used [0x00000000eaab0000,0x00000000f2ab0000,0x00000000f2ab0000)
  from space 21824K, 99% used [0x00000000f2ab0000,0x00000000f3ffa068,0x00000000f4000000)
  to   space 21824K, 0% used [0x00000000f4000000,0x00000000f4000000,0x00000000f5550000)
 ParOldGen       total 349568K, used 2366K [0x00000000c0000000, 0x00000000d5560000, 0x00000000eaab0000)
  object space 349568K, 0% used [0x00000000c0000000,0x00000000c024f8a8,0x00000000d5560000)
 PSPermGen       total 24320K, used 24295K [0x00000000bae00000, 0x00000000bc5c0000, 0x00000000c0000000)
  object space 24320K, 99% used [0x00000000bae00000,0x00000000bc5b9c38,0x00000000bc5c0000)
Event: 27.737 GC heap after
Heap after GC invocations=2 (full 0):
 PSYoungGen      total 152896K, used 21797K [0x00000000eaab0000, 0x00000000f5550000, 0x0000000100000000)
  eden space 131072K, 0% used [0x00000000eaab0000,0x00000000eaab0000,0x00000000f2ab0000)
  from space 21824K, 99% used [0x00000000f4000000,0x00000000f5549620,0x00000000f5550000)
  to   space 21824K, 0% used [0x00000000f2ab0000,0x00000000f2ab0000,0x00000000f4000000)
 ParOldGen       total 349568K, used 14657K [0x00000000c0000000, 0x00000000d5560000, 0x00000000eaab0000)
  object space 349568K, 4% used [0x00000000c0000000,0x00000000c0e505b8,0x00000000d5560000)
 PSPermGen       total 24320K, used 24295K [0x00000000bae00000, 0x00000000bc5c0000, 0x00000000c0000000)
  object space 24320K, 99% used [0x00000000bae00000,0x00000000bc5b9c38,0x00000000bc5c0000)
}
Event: 36.142 GC heap before
{Heap before GC invocations=3 (full 0):
 PSYoungGen      total 152896K, used 152869K [0x00000000eaab0000, 0x00000000f5550000, 0x0000000100000000)
  eden space 131072K, 100% used [0x00000000eaab0000,0x00000000f2ab0000,0x00000000f2ab0000)
  from space 21824K, 99% used [0x00000000f4000000,0x00000000f5549620,0x00000000f5550000)
  to   space 21824K, 0% used [0x00000000f2ab0000,0x00000000f2ab0000,0x00000000f4000000)
 ParOldGen       total 349568K, used 14657K [0x00000000c0000000, 0x00000000d5560000, 0x00000000eaab0000)
  object space 349568K, 4% used [0x00000000c0000000,0x00000000c0e505b8,0x00000000d5560000)
 PSPermGen       total 28352K, used 28268K [0x00000000bae00000, 0x00000000bc9b0000, 0x00000000c0000000)
  object space 28352K, 99% used [0x00000000bae00000,0x00000000bc99b318,0x00000000bc9b0000)
Event: 36.661 GC heap after
Heap after GC invocations=3 (full 0):
 PSYoungGen      total 152896K, used 21821K [0x00000000eaab0000, 0x00000000fd550000, 0x0000000100000000)
  eden space 131072K, 0% used [0x00000000eaab0000,0x00000000eaab0000,0x00000000f2ab0000)
  from space 21824K, 99% used [0x00000000f2ab0000,0x00000000f3fff420,0x00000000f4000000)
  to   space 21824K, 0% used [0x00000000fc000000,0x00000000fc000000,0x00000000fd550000)
 ParOldGen       total 349568K, used 27421K [0x00000000c0000000, 0x00000000d5560000, 0x00000000eaab0000)
  object space 349568K, 7% used [0x00000000c0000000,0x00000000c1ac7648,0x00000000d5560000)
 PSPermGen       total 28352K, used 28268K [0x00000000bae00000, 0x00000000bc9b0000, 0x00000000c0000000)
  object space 28352K, 99% used [0x00000000bae00000,0x00000000bc99b318,0x00000000bc9b0000)
}
Event: 42.834 GC heap before
{Heap before GC invocations=4 (full 0):
 PSYoungGen      total 152896K, used 152893K [0x00000000eaab0000, 0x00000000fd550000, 0x0000000100000000)
  eden space 131072K, 100% used [0x00000000eaab0000,0x00000000f2ab0000,0x00000000f2ab0000)
  from space 21824K, 99% used [0x00000000f2ab0000,0x00000000f3fff420,0x00000000f4000000)
  to   space 21824K, 0% used [0x00000000fc000000,0x00000000fc000000,0x00000000fd550000)
 ParOldGen       total 349568K, used 27421K [0x00000000c0000000, 0x00000000d5560000, 0x00000000eaab0000)
  object space 349568K, 7% used [0x00000000c0000000,0x00000000c1ac7648,0x00000000d5560000)
 PSPermGen       total 31808K, used 31653K [0x00000000bae00000, 0x00000000bcd10000, 0x00000000c0000000)
  object space 31808K, 99% used [0x00000000bae00000,0x00000000bcce9478,0x00000000bcd10000)
Event: 42.970 GC heap after
Heap after GC invocations=4 (full 0):
 PSYoungGen      total 283968K, used 21813K [0x00000000eaab0000, 0x00000000fd550000, 0x0000000100000000)
  eden space 262144K, 0% used [0x00000000eaab0000,0x00000000eaab0000,0x00000000faab0000)
  from space 21824K, 99% used [0x00000000fc000000,0x00000000fd54d440,0x00000000fd550000)
  to   space 21824K, 0% used [0x00000000faab0000,0x00000000faab0000,0x00000000fc000000)
 ParOldGen       total 349568K, used 30615K [0x00000000c0000000, 0x00000000d5560000, 0x00000000eaab0000)
  object space 349568K, 8% used [0x00000000c0000000,0x00000000c1de5cb0,0x00000000d5560000)
 PSPermGen       total 31808K, used 31653K [0x00000000bae00000, 0x00000000bcd10000, 0x00000000c0000000)
  object space 31808K, 99% used [0x00000000bae00000,0x00000000bcce9478,0x00000000bcd10000)
}

